<?xml version="1.0" encoding="UTF-8"?>
<!-- Generated by org.testng.reporters.JUnitReportReporter -->
<testsuite skipped="0" hostname="bindu-PC" name="restasssurestestcases.Demo_1_Get_TestCase" tests="1" failures="0" timestamp="03 May 2021 07:19:48 GMT" time="5.102" errors="0">
  <testcase name="getWeatherDetails" time="5.102" classname="restasssurestestcases.Demo_1_Get_TestCase"/>
</testsuite> <!-- restasssurestestcases.Demo_1_Get_TestCase -->
