<?xml version="1.0" encoding="UTF-8"?>
<!-- Generated by org.testng.reporters.JUnitReportReporter -->
<testsuite skipped="0" hostname="bindu-PC" name="restasssurestestcases.Demo_Basic_Validations" tests="3" failures="0" timestamp="03 May 2021 11:45:05 GMT" time="5.887" errors="0">
  <testcase name="testStatusCode" time="3.936" classname="restasssurestestcases.Demo_Basic_Validations"/>
  <testcase name="testlogResponse" time="0.428" classname="restasssurestestcases.Demo_Basic_Validations"/>
  <testcase name="testParametersandHeaders" time="1.523" classname="restasssurestestcases.Demo_Basic_Validations"/>
</testsuite> <!-- restasssurestestcases.Demo_Basic_Validations -->
